2025-05-06 00:25:22,576 - core.middleware - INFO - Bearer [object Object]
2025-05-06 00:25:37,569 - core.middleware - INFO - Bearer gAAAAABoGPPPxGmL84VBftuxEK2ksncb0OOQpmlD7B_SnKIyz2eeLDJ0BB0GpHTRyOCc2ZAhXS4-y1wHnPBNs2zIjTYZwZoOpm9z77b5h11CftFSaJtIUbZXx9bjIjKbdlk8SyyfiTyKhx-8Hg4hGuOfpqmMiLGVBhoqFGMFym3aUsJF0Cr5eGTgldF3k1f0ZepXbP6vH0kwdVnovjCca8qxwLT5BtBKLiUtrxES4s6aNyubUO6oG9GWS51mqH1b7C7xvDs2Ga9w
2025-05-06 00:25:37,569 - core.middleware - INFO - Bearer
2025-05-06 00:25:37,569 - core.middleware - INFO - gAAAAABoGPPPxGmL84VBftuxEK2ksncb0OOQpmlD7B_SnKIyz2eeLDJ0BB0GpHTRyOCc2ZAhXS4-y1wHnPBNs2zIjTYZwZoOpm9z77b5h11CftFSaJtIUbZXx9bjIjKbdlk8SyyfiTyKhx-8Hg4hGuOfpqmMiLGVBhoqFGMFym3aUsJF0Cr5eGTgldF3k1f0ZepXbP6vH0kwdVnovjCca8qxwLT5BtBKLiUtrxES4s6aNyubUO6oG9GWS51mqH1b7C7xvDs2Ga9w
2025-05-06 00:25:37,572 - core.middleware - INFO - eyJhbGciOiJIUzI1NiIsInR5cCI6IkpXVCJ9.eyJ1c2VybmFtZSI6ImRldm1pbmhwaHVjIiwiZXhwIjoxNzQ2NDY3MTgzfQ.5LBfM0JDG_zWutGUcbGR7_nBnxytzxxMOxJBnkIZCh4
2025-05-06 00:25:37,572 - core.middleware - INFO - {'username': 'devminhphuc', 'exp': 1746467183}
2025-05-06 00:25:37,573 - db.mongodb - INFO - Changed MongoDB database to test
2025-05-06 00:26:20,427 - core.middleware - INFO - Bearer gAAAAABoGPPPxGmL84VBftuxEK2ksncb0OOQpmlD7B_SnKIyz2eeLDJ0BB0GpHTRyOCc2ZAhXS4-y1wHnPBNs2zIjTYZwZoOpm9z77b5h11CftFSaJtIUbZXx9bjIjKbdlk8SyyfiTyKhx-8Hg4hGuOfpqmMiLGVBhoqFGMFym3aUsJF0Cr5eGTgldF3k1f0ZepXbP6vH0kwdVnovjCca8qxwLT5BtBKLiUtrxES4s6aNyubUO6oG9GWS51mqH1b7C7xvDs2Ga9w
2025-05-06 00:26:20,428 - core.middleware - INFO - Bearer
2025-05-06 00:26:20,428 - core.middleware - INFO - gAAAAABoGPPPxGmL84VBftuxEK2ksncb0OOQpmlD7B_SnKIyz2eeLDJ0BB0GpHTRyOCc2ZAhXS4-y1wHnPBNs2zIjTYZwZoOpm9z77b5h11CftFSaJtIUbZXx9bjIjKbdlk8SyyfiTyKhx-8Hg4hGuOfpqmMiLGVBhoqFGMFym3aUsJF0Cr5eGTgldF3k1f0ZepXbP6vH0kwdVnovjCca8qxwLT5BtBKLiUtrxES4s6aNyubUO6oG9GWS51mqH1b7C7xvDs2Ga9w
2025-05-06 00:26:20,428 - core.middleware - INFO - eyJhbGciOiJIUzI1NiIsInR5cCI6IkpXVCJ9.eyJ1c2VybmFtZSI6ImRldm1pbmhwaHVjIiwiZXhwIjoxNzQ2NDY3MTgzfQ.5LBfM0JDG_zWutGUcbGR7_nBnxytzxxMOxJBnkIZCh4
2025-05-06 00:26:20,428 - core.middleware - INFO - {'username': 'devminhphuc', 'exp': 1746467183}
2025-05-06 00:26:20,429 - db.mongodb - INFO - Changed MongoDB database to test
2025-05-06 00:26:44,092 - core.middleware - INFO - Bearer gAAAAABoGPPPxGmL84VBftuxEK2ksncb0OOQpmlD7B_SnKIyz2eeLDJ0BB0GpHTRyOCc2ZAhXS4-y1wHnPBNs2zIjTYZwZoOpm9z77b5h11CftFSaJtIUbZXx9bjIjKbdlk8SyyfiTyKhx-8Hg4hGuOfpqmMiLGVBhoqFGMFym3aUsJF0Cr5eGTgldF3k1f0ZepXbP6vH0kwdVnovjCca8qxwLT5BtBKLiUtrxES4s6aNyubUO6oG9GWS51mqH1b7C7xvDs2Ga9w
2025-05-06 00:26:44,093 - core.middleware - INFO - Bearer
2025-05-06 00:26:44,093 - core.middleware - INFO - gAAAAABoGPPPxGmL84VBftuxEK2ksncb0OOQpmlD7B_SnKIyz2eeLDJ0BB0GpHTRyOCc2ZAhXS4-y1wHnPBNs2zIjTYZwZoOpm9z77b5h11CftFSaJtIUbZXx9bjIjKbdlk8SyyfiTyKhx-8Hg4hGuOfpqmMiLGVBhoqFGMFym3aUsJF0Cr5eGTgldF3k1f0ZepXbP6vH0kwdVnovjCca8qxwLT5BtBKLiUtrxES4s6aNyubUO6oG9GWS51mqH1b7C7xvDs2Ga9w
2025-05-06 00:26:44,093 - core.middleware - INFO - eyJhbGciOiJIUzI1NiIsInR5cCI6IkpXVCJ9.eyJ1c2VybmFtZSI6ImRldm1pbmhwaHVjIiwiZXhwIjoxNzQ2NDY3MTgzfQ.5LBfM0JDG_zWutGUcbGR7_nBnxytzxxMOxJBnkIZCh4
2025-05-06 00:26:44,093 - core.middleware - INFO - {'username': 'devminhphuc', 'exp': 1746467183}
2025-05-06 00:26:44,094 - db.mongodb - INFO - Changed MongoDB database to test
2025-05-06 00:26:46,533 - core.middleware - INFO - Bearer gAAAAABoGPPPxGmL84VBftuxEK2ksncb0OOQpmlD7B_SnKIyz2eeLDJ0BB0GpHTRyOCc2ZAhXS4-y1wHnPBNs2zIjTYZwZoOpm9z77b5h11CftFSaJtIUbZXx9bjIjKbdlk8SyyfiTyKhx-8Hg4hGuOfpqmMiLGVBhoqFGMFym3aUsJF0Cr5eGTgldF3k1f0ZepXbP6vH0kwdVnovjCca8qxwLT5BtBKLiUtrxES4s6aNyubUO6oG9GWS51mqH1b7C7xvDs2Ga9w
2025-05-06 00:26:46,534 - core.middleware - INFO - Bearer
2025-05-06 00:26:46,534 - core.middleware - INFO - gAAAAABoGPPPxGmL84VBftuxEK2ksncb0OOQpmlD7B_SnKIyz2eeLDJ0BB0GpHTRyOCc2ZAhXS4-y1wHnPBNs2zIjTYZwZoOpm9z77b5h11CftFSaJtIUbZXx9bjIjKbdlk8SyyfiTyKhx-8Hg4hGuOfpqmMiLGVBhoqFGMFym3aUsJF0Cr5eGTgldF3k1f0ZepXbP6vH0kwdVnovjCca8qxwLT5BtBKLiUtrxES4s6aNyubUO6oG9GWS51mqH1b7C7xvDs2Ga9w
2025-05-06 00:26:46,534 - core.middleware - INFO - eyJhbGciOiJIUzI1NiIsInR5cCI6IkpXVCJ9.eyJ1c2VybmFtZSI6ImRldm1pbmhwaHVjIiwiZXhwIjoxNzQ2NDY3MTgzfQ.5LBfM0JDG_zWutGUcbGR7_nBnxytzxxMOxJBnkIZCh4
2025-05-06 00:26:46,534 - core.middleware - INFO - {'username': 'devminhphuc', 'exp': 1746467183}
2025-05-06 00:26:46,535 - db.mongodb - INFO - Changed MongoDB database to test
2025-05-06 00:27:12,893 - core.middleware - INFO - Bearer gAAAAABoGPPPxGmL84VBftuxEK2ksncb0OOQpmlD7B_SnKIyz2eeLDJ0BB0GpHTRyOCc2ZAhXS4-y1wHnPBNs2zIjTYZwZoOpm9z77b5h11CftFSaJtIUbZXx9bjIjKbdlk8SyyfiTyKhx-8Hg4hGuOfpqmMiLGVBhoqFGMFym3aUsJF0Cr5eGTgldF3k1f0ZepXbP6vH0kwdVnovjCca8qxwLT5BtBKLiUtrxES4s6aNyubUO6oG9GWS51mqH1b7C7xvDs2Ga9w
2025-05-06 00:27:12,894 - core.middleware - INFO - Bearer
2025-05-06 00:27:12,894 - core.middleware - INFO - gAAAAABoGPPPxGmL84VBftuxEK2ksncb0OOQpmlD7B_SnKIyz2eeLDJ0BB0GpHTRyOCc2ZAhXS4-y1wHnPBNs2zIjTYZwZoOpm9z77b5h11CftFSaJtIUbZXx9bjIjKbdlk8SyyfiTyKhx-8Hg4hGuOfpqmMiLGVBhoqFGMFym3aUsJF0Cr5eGTgldF3k1f0ZepXbP6vH0kwdVnovjCca8qxwLT5BtBKLiUtrxES4s6aNyubUO6oG9GWS51mqH1b7C7xvDs2Ga9w
2025-05-06 00:27:12,894 - core.middleware - INFO - eyJhbGciOiJIUzI1NiIsInR5cCI6IkpXVCJ9.eyJ1c2VybmFtZSI6ImRldm1pbmhwaHVjIiwiZXhwIjoxNzQ2NDY3MTgzfQ.5LBfM0JDG_zWutGUcbGR7_nBnxytzxxMOxJBnkIZCh4
2025-05-06 00:27:12,894 - core.middleware - INFO - {'username': 'devminhphuc', 'exp': 1746467183}
2025-05-06 00:27:12,895 - db.mongodb - INFO - Changed MongoDB database to test
2025-05-06 00:27:35,260 - core.middleware - INFO - Bearer gAAAAABoGPPPxGmL84VBftuxEK2ksncb0OOQpmlD7B_SnKIyz2eeLDJ0BB0GpHTRyOCc2ZAhXS4-y1wHnPBNs2zIjTYZwZoOpm9z77b5h11CftFSaJtIUbZXx9bjIjKbdlk8SyyfiTyKhx-8Hg4hGuOfpqmMiLGVBhoqFGMFym3aUsJF0Cr5eGTgldF3k1f0ZepXbP6vH0kwdVnovjCca8qxwLT5BtBKLiUtrxES4s6aNyubUO6oG9GWS51mqH1b7C7xvDs2Ga9w
2025-05-06 00:27:35,260 - core.middleware - INFO - Bearer
2025-05-06 00:27:35,260 - core.middleware - INFO - gAAAAABoGPPPxGmL84VBftuxEK2ksncb0OOQpmlD7B_SnKIyz2eeLDJ0BB0GpHTRyOCc2ZAhXS4-y1wHnPBNs2zIjTYZwZoOpm9z77b5h11CftFSaJtIUbZXx9bjIjKbdlk8SyyfiTyKhx-8Hg4hGuOfpqmMiLGVBhoqFGMFym3aUsJF0Cr5eGTgldF3k1f0ZepXbP6vH0kwdVnovjCca8qxwLT5BtBKLiUtrxES4s6aNyubUO6oG9GWS51mqH1b7C7xvDs2Ga9w
2025-05-06 00:27:35,260 - core.middleware - INFO - eyJhbGciOiJIUzI1NiIsInR5cCI6IkpXVCJ9.eyJ1c2VybmFtZSI6ImRldm1pbmhwaHVjIiwiZXhwIjoxNzQ2NDY3MTgzfQ.5LBfM0JDG_zWutGUcbGR7_nBnxytzxxMOxJBnkIZCh4
2025-05-06 00:27:35,260 - core.middleware - INFO - {'username': 'devminhphuc', 'exp': 1746467183}
2025-05-06 00:27:35,261 - db.mongodb - INFO - Changed MongoDB database to test
2025-05-06 00:27:43,678 - core.middleware - INFO - None
2025-05-06 00:27:43,678 - core.middleware - INFO - None
2025-05-06 00:27:43,678 - core.middleware - INFO - None
2025-05-06 00:27:43,680 - db.mongodb - INFO - Changed MongoDB database to test
2025-05-06 00:27:45,398 - core.middleware - INFO - Bearer gAAAAABoGPUPvaGbea91g3zGUvK8OdEX-woY6UsMaXO35eiGXqY40rr-3-61p9s-U43ZzbpkEqAN1Wf1pWfDwLm2p3B50Dos866UCGOrhJ8qnJrxpwfXjao4OM1nfM5mtp_hZt1jOh4aMc1aWaxX0LOxQElrY2Y8RUshkMH-mnqxZPIERtOVLvVJxiwQcix7YDdpAJBxsL4dxp3WvzI3CpmsFpvyEJGxu1qrCIg4ci3qhdsewzCHfi5zEHJvOZ51oNQUoSTL7lcm
2025-05-06 00:27:45,398 - core.middleware - INFO - Bearer
2025-05-06 00:27:45,398 - core.middleware - INFO - gAAAAABoGPUPvaGbea91g3zGUvK8OdEX-woY6UsMaXO35eiGXqY40rr-3-61p9s-U43ZzbpkEqAN1Wf1pWfDwLm2p3B50Dos866UCGOrhJ8qnJrxpwfXjao4OM1nfM5mtp_hZt1jOh4aMc1aWaxX0LOxQElrY2Y8RUshkMH-mnqxZPIERtOVLvVJxiwQcix7YDdpAJBxsL4dxp3WvzI3CpmsFpvyEJGxu1qrCIg4ci3qhdsewzCHfi5zEHJvOZ51oNQUoSTL7lcm
2025-05-06 00:27:45,399 - core.middleware - INFO - eyJhbGciOiJIUzI1NiIsInR5cCI6IkpXVCJ9.eyJ1c2VybmFtZSI6ImRldm1pbmhwaHVjIiwiZXhwIjoxNzQ2NDY3NTAzfQ.5mPU_c1CYtcIuMRASN6_f83xKDUZ7l9xtcL6XLGMbxY
2025-05-06 00:27:45,399 - core.middleware - INFO - {'username': 'devminhphuc', 'exp': 1746467503}
2025-05-06 00:27:45,399 - db.mongodb - INFO - Changed MongoDB database to test
